         w __deregister_frame_info
         w __register_frame_info
         w _ITM_deregisterTMCloneTable
         w _ITM_registerTMCloneTable
         w _Jv_RegisterClasses
00000000 a shift
00100000 T __start__
00100000 T _start
00100008 T __service_ptr
0010000c T __apt_appid
00100010 T __heap_size
00100014 T __linear_heap_size
00100018 T __system_arglist
0010001c T __system_runflags
00100020 t startup
00100058 t ClearMem
0010006c t ClrLoop
00100094 T _init
001000ac t deregister_tm_clones
001000dc t register_tm_clones
00100114 t __do_global_dtors_aux
00100158 t frame_dummy
001001b4 00000014 T Render::Render()
001001b4 00000014 T Render::Render()
001001c8 0000005c T Render::screenRender()
00100224 0000002c T Render::drawPixel(int, int, char, char, char, unsigned char*)
00100250 00000050 T Render::clearScreen(unsigned char*, gfxScreen_t)
001002a0 0000005c T Render::clearTop()
001002fc 00000034 T Render::clearBottom()
00100330 00000080 T Render::drawChar(char, int, int, char, char, char, unsigned char*)
001003b0 000000ac T Render::drawString(char*, int, int, char, char, char, unsigned char*, gfxScreen_t)
0010045c 000001a8 T Render::drawLine(int, int, int, int, char, char, char, unsigned char*)
00100604 000000c4 T Render::drawRect(int, int, int, int, char, char, char, unsigned char*)
001006c8 00000094 T Render::drawFillRect(int, int, int, int, char, char, char, unsigned char*)
0010075c 000000ac T Render::drawTriangle(int, int, int, int, int, int, char, char, char, unsigned char*)
00100808 0000028c T Render::drawCircleCircum(int, int, int, int, char, char, char, unsigned char*)
00100a94 000000ac T Render::drawCircle(int, int, int, char, char, char, unsigned char*)
00100b40 000000cc T Render::drawFillCircle(int, int, int, char, char, char, unsigned char*)
00100c0c 0000011c T Render::gfxDrawSprite(gfxScreen_t, gfx3dSide_t, unsigned char*, unsigned short, unsigned short, short, short)
00100d28 00000054 T Capp::Capp()
00100d28 00000054 T Capp::Capp()
00100d7c 000007d8 T Capp::draw()
00101554 00000088 T Capp::randBoard()
001015dc 00000004 T Capp::init()
001015e0 000000b0 T Capp::update()
00101690 00000040 T Capp::testFlood(int, int, int)
001016d0 000000b0 t Capp::testFlood(int, int, int) [clone .part.0]
00101780 00000040 T Capp::updateBoard(int)
001017c0 000001ac T Capp::input()
0010196c 0000008c t gfxSetFramebufferInfo.part.0
001019f8 00000010 T gfxSet3D
00101a08 00000018 T gfxSetScreenFormat
00101a20 00000018 T gfxGetScreenFormat
00101a38 00000014 T gfxSetDoubleBuffering
00101a4c 00000070 T gfxSetFramebufferInfo
00101abc 000000c4 T gfxWriteFramebufferInfo
00101b80 000001e0 T gfxInit
00101d60 00000010 T gfxInitDefault
00101d70 000000cc T gfxExit
00101e3c 000000b0 T gfxGetFramebuffer
00101eec 000000dc T gfxFlushBuffers
00101fc8 00000074 T gfxSwapBuffers
0010203c 0000005c T gfxSwapBuffersGpu
00102098 00000064 t __apt_initservicehandle
001020fc 000000b4 T aptInitCaptureInfo
001021b0 00000028 T aptWaitStatusEvent
001021d8 00000038 T aptGetStatus
00102210 00000064 T aptSetStatus
00102274 00000038 T aptGetStatusPower
001022ac 00000038 T aptSetStatusPower
001022e4 00000024 T aptOpenSession
00102308 00000028 T aptCloseSession
00102330 00000010 T aptSignalReadyForSleep
00102340 00000050 T APT_GetLockHandle
00102390 00000068 T APT_Initialize
001023f8 00000034 T APT_HardwareResetAsync
0010242c 0000003c T APT_Enable
00102468 00000080 T APT_GetAppletManInfo
001024e8 0000003c T aptGetMenuAppID
00102524 00000050 T APT_IsRegistered
00102574 00000050 T APT_InquireNotification
001025c4 00000034 T APT_PrepareToJumpToHomeMenu
001025f8 00000050 T APT_JumpToHomeMenu
00102648 0000003c T APT_NotifyToWait
00102684 00000088 T APT_AppletUtility
0010270c 00000120 T aptAppletUtility_Exit_RetToApp
0010282c 0000003c T aptAppletClosed
00102868 000000e4 t aptAppStarted
0010294c 00000154 T aptInit
00102aa0 00000074 T APT_GlanceParameter
00102b14 00000074 T APT_ReceiveParameter
00102b88 00000070 T APT_SendParameter
00102bf8 0000004c T APT_SendCaptureBufferInfo
00102c44 000001c0 T aptReturnToMenu
00102e04 00000040 T APT_ReplySleepQuery
00102e44 0000003c T APT_ReplySleepNotificationComplete
00102e80 000002cc T aptEventHandler
0010314c 0000003c T APT_PrepareToCloseApplication
00103188 00000058 T APT_CloseApplication
001031e0 000000e0 T aptExit
001032c0 00000044 T APT_SetAppCpuTimeLimit
00103304 00000054 T APT_GetAppCpuTimeLimit
00103358 00000050 T APT_CheckNew3DS_Application
001033a8 00000050 T APT_CheckNew3DS_System
001033f8 0000007c T APT_CheckNew3DS
00103474 0000004c T APT_PrepareToDoAppJump
001034c0 00000068 T APT_DoAppJump
00103528 0000003c T APT_PrepareToStartLibraryApplet
00103564 00000060 T APT_StartLibraryApplet
001035c4 00000104 T aptAppletStarted
001036c8 00000078 T aptMainLoop
00103740 000001b8 T APT_LaunchLibraryApplet
001038f8 0000010c t gspEventThreadMain
00103a04 00000014 T gspInit
00103a18 00000018 T gspExit
00103a30 000000cc T gspInitEventHandler
00103afc 00000058 T gspExitEventHandler
00103b54 00000058 T gspWaitForEvent
00103bac 00000070 T GSPGPU_WriteHWRegs
00103c1c 0000008c T GSPGPU_WriteHWRegsWithMask
00103ca8 00000070 T GSPGPU_ReadHWRegs
00103d18 00000074 T GSPGPU_SetBufferSwap
00103d8c 00000054 T GSPGPU_FlushDataCache
00103de0 00000054 T GSPGPU_InvalidateDataCache
00103e34 0000003c T GSPGPU_SetLcdForceBlack
00103e70 00000034 T GSPGPU_TriggerCmdReqQueue
00103ea4 0000006c T GSPGPU_RegisterInterruptRelayQueue
00103f10 00000034 T GSPGPU_UnregisterInterruptRelayQueue
00103f44 00000050 T GSPGPU_AcquireRight
00103f94 00000034 T GSPGPU_ReleaseRight
00103fc8 00000084 T GSPGPU_ImportDisplayCaptureInfo
0010404c 00000034 T GSPGPU_SaveVramSysArea
00104080 00000034 T GSPGPU_RestoreVramSysArea
001040b4 0000010c T GSPGPU_SubmitGxCommand
001041c0 00000054 T GX_RequestDma
00104214 00000068 T GX_SetCommandList_Last
0010427c 00000074 T GX_SetMemoryFill
001042f0 00000064 T GX_SetDisplayTransfer
00104354 00000068 T GX_SetTextureCopy
001043bc 00000068 T GX_SetCommandList_First
00104424 000000a4 T hidExit
001044c8 00000058 T hidWaitForEvent
00104520 0000003c T hidCheckSectionUpdateTime
0010455c 00000234 T hidScanInput
00104790 00000010 T hidKeysHeld
001047a0 00000010 T hidKeysDown
001047b0 00000010 T hidKeysUp
001047c0 00000018 T hidTouchRead
001047d8 00000018 T hidCircleRead
001047f0 00000020 T hidAccelRead
00104810 00000020 T hidGyroRead
00104830 00000090 T HIDUSER_GetHandles
001048c0 00000120 T hidInit
001049e0 0000002c T HIDUSER_EnableAccelerometer
00104a0c 0000002c T HIDUSER_DisableAccelerometer
00104a38 0000002c T HIDUSER_EnableGyroscope
00104a64 0000002c T HIDUSER_DisableGyroscope
00104a90 0000003c T HIDUSER_GetGyroscopeRawToDpsCoefficient
00104acc 00000038 T HIDUSER_GetSoundVolume
00104b04 00000068 T irrstExit
00104b6c 0000004c T irrstWaitForEvent
00104bb8 0000003c T irrstCheckSectionUpdateTime
00104bf4 000000b4 T irrstScanInput
00104ca8 00000018 T irrstKeysHeld
00104cc0 00000018 T irrstCstickRead
00104cd8 00000050 T IRRST_GetHandles
00104d28 000000c8 T irrstInit
00104df0 00000038 T IRRST_Initialize
00104e28 0000002c T IRRST_Shutdown
00104e54 000000f0 T __system_initArgv
00104f50 T svcControlMemory
00104f70 T svcQueryMemory
00104fa0 T svcExitProcess
00104fa8 T svcCreateThread
00104fc8 T svcExitThread
00104fd0 T svcSleepThread
00104fd8 T svcSetThreadPriority
00104fe0 T svcCreateMutex
00104ff4 T svcReleaseMutex
00104ffc T svcCreateEvent
00105010 T svcSignalEvent
00105018 T svcClearEvent
00105020 T svcCreateTimer
00105034 T svcSetTimer
0010503c T svcCancelTimer
00105044 T svcClearTimer
0010504c T svcCreateMemoryBlock
00105064 T svcMapMemoryBlock
0010506c T svcUnmapMemoryBlock
00105074 T svcCreateAddressArbiter
0010507c T svcArbitrateAddress
0010509c T svcCloseHandle
001050a4 T svcWaitSynchronization
001050ac T svcWaitSynchronizationN
001050d4 T svcDuplicateHandle
001050e8 T svcGetSystemTick
001050f0 T svcGetSystemInfo
00105110 T svcGetProcessInfo
0010512c T svcConnectToPort
00105140 T svcSendSyncRequest
00105148 T svcOpenProcess
0010515c T svcGetProcessId
00105170 T svcOutputDebugString
00105178 T svcCreateSemaphore
0010518c T svcReleaseSemaphore
001051a0 T svcGetThreadId
001051b4 T svcCreatePort
001051d4 T svcDebugActiveProcess
001051e8 T svcGetProcessList
00105208 T svcReadProcessMemory
00105210 T svcMapProcessMemory
00105218 T svcUnmapProcessMemory
00105220 T svcQueryProcessMemory
00105244 T svcGetProcessorID
00105250 T initSystem
00105294 T __ctru_exit
001052b4 00000024 t addrMapNodeComparator(rbtree_node const*, rbtree_node const*)
001052d8 00000004 t addrMapNodeDestructor(rbtree_node*)
001052dc 00000140 T linearMemAlign
0010541c 00000008 T linearAlloc
00105424 00000008 T linearRealloc
0010542c 00000050 T linearFree
0010547c 0000000c T linearSpaceFree
00105488 000000a4 T MemPool::CoalesceRight(MemBlock*)
0010552c 0000012c T MemPool::Allocate(MemChunk&, unsigned long, int)
00105658 00000100 T MemPool::Deallocate(MemChunk const&)
00105758 00000030 T MemPool::GetFreeSpace()
00105788 00000024 t addrMapNodeComparator(rbtree_node const*, rbtree_node const*)
001057ac 00000004 t addrMapNodeDestructor(rbtree_node*)
001057b0 00000130 T vramMemAlign
001058e0 00000008 T vramAlloc
001058e8 00000008 T vramRealloc
001058f0 00000050 T vramFree
00105940 0000000c T vramSpaceFree
0010594c 00000098 T __get_handle_from_list
001059e4 00000054 T __destroy_handle_list
00105a38 00000028 T srvExit
00105a60 00000038 T srvRegisterClient
00105a98 00000068 T srvInit
00105b00 00000080 T srvGetServiceHandle
00105b80 00000054 T srvPmInit
00105bd4 00000048 T srvRegisterProcess
00105c1c 00000034 T srvUnregisterProcess
00105c50 00000070 T rbtree_find
00105cc0 00000014 T rbtree_init
00105cd4 000001e4 t do_insert
00105eb8 00000008 T rbtree_insert
00105ec0 00000008 T rbtree_insert_multi
00105ec8 00000340 T rbtree_remove
00106208 000000ac T rbtree_rotate
001062b4 000000a4 W __system_allocateHeaps
00106358 0000001c W __appExit
00106374 00000020 W __appInit
00106394 00000090 W __libctru_exit
00106424 0000004c W __libctru_init
00106470 00000058 t getSysTime
001064c8 0000004c T osConvertVirtToPhys
00106514 00000020 T osConvertOldLINEARMemToNew
00106534 000000f8 T __libctru_gtod
0010662c 00000074 T osGetTime
001066a0 00000014 T osGetFirmVersion
001066b4 00000014 T osGetKernelVersion
001066c8 00000020 T osStrError
001066e8 00000010 t sdmc_link
001066f8 00000010 t sdmc_dirreset
00106708 00000010 t sdmc_chmod
00106718 00000010 t sdmc_fchmod
00106728 00000024 t error_cmp
0010674c 00000050 t sdmc_translate_error
0010679c 00000030 t sdmc_fsync
001067cc 00000050 t sdmc_ftruncate
0010681c 000000c0 t sdmc_statvfs
001068dc 00000034 t sdmc_dirclose
00106910 000000dc t sdmc_dirnext
001069ec 00000030 t sdmc_close
00106a1c 0000006c t sdmc_fstat
00106a88 000000bc t sdmc_seek
00106b44 00000090 t sdmc_read
00106bd4 0000010c t sdmc_write
00106ce0 000001a8 t sdmc_utf16path
00106e88 00000080 t sdmc_rmdir
00106f08 0000009c t sdmc_diropen
00106fa4 000000a8 t sdmc_chdir
0010704c 00000080 t sdmc_mkdir
001070cc 0000013c t sdmc_rename
00107208 00000080 t sdmc_unlink
00107288 00000134 t sdmc_stat
001073bc 000001a8 t sdmc_open
00107564 00000130 T sdmcInit
00107694 00000050 T sdmcExit
001076e4 0000002c T FS_makePath
00107710 00000024 T fsExit
00107734 00000074 T FSUSER_Initialize
001077a8 0000006c T fsInit
00107814 000000ac T FSUSER_OpenFile
001078c0 000000cc T FSUSER_OpenFileDirectly
0010798c 00000088 T FSUSER_DeleteFile
00107a14 000000c4 T FSUSER_RenameFile
00107ad8 00000088 T FSUSER_DeleteDirectory
00107b60 00000008 T FSUSER_DeleteDirectoryRecursively
00107b68 00000098 T FSUSER_CreateFile
00107c00 0000008c T FSUSER_CreateDirectory
00107c8c 000000c4 T FSUSER_RenameDirectory
00107d50 00000094 T FSUSER_OpenDirectory
00107de4 00000088 T FSUSER_OpenArchive
00107e6c 00000058 T FSUSER_CloseArchive
00107ec4 0000007c T FSUSER_GetSdmcArchiveResource
00107f40 0000007c T FSUSER_GetNandArchiveResource
00107fbc 0000004c T FSUSER_IsSdmcDetected
00108008 0000004c T FSUSER_IsSdmcWritable
00108054 00000044 T FSFILE_Close
00108098 0000005c T FSFILE_Read
001080f4 00000064 T FSFILE_Write
00108158 00000040 T FSFILE_GetSize
00108198 0000002c T FSFILE_SetSize
001081c4 00000038 T FSFILE_GetAttributes
001081fc 00000028 T FSFILE_SetAttributes
00108224 00000024 T FSFILE_Flush
00108248 00000054 T FSDIR_Read
0010829c 00000044 T FSDIR_Close
001082e0 0000008c T rbtree_node_next
0010836c 0000008c T rbtree_node_prev
001083f8 00000138 T decode_utf8
00108530 000000e8 T utf16_to_utf8
00108618 000000b8 T utf8_to_utf16
001086d0 00000060 T decode_utf16
00108730 00000068 T encode_utf16
00108798 00000104 T encode_utf8
001088a8 00000390 T strcmp
00108c40 00000018 T setDefaultDevice
00108c58 000000ac T FindDevice
00108d04 0000002c T RemoveDevice
00108d30 00000094 T AddDevice
00108dc4 00000024 T GetDeviceOpTab
00108de8 0000002c T _gettimeofday_r
00108e14 00000070 T _sbrk_r
00108e84 000001bc T _concatenate_path
00109040 00000148 T chdir
00109188 000000a0 T getcwd
00109228 00000018 T __libc_lock_init
00109240 00000018 T __libc_lock_acquire
00109258 00000024 T __libc_lock_try_acquire
0010927c 00000018 T __libc_lock_release
00109294 00000018 T __libc_lock_close
001092ac 00000018 T __libc_lock_init_recursive
001092c4 00000018 T __libc_lock_acquire_recursive
001092dc 00000024 T __libc_lock_try_acquire_recursive
00109300 00000018 T __libc_lock_release_recursive
00109318 00000018 T __libc_lock_close_recursive
00109330 00000028 T __getreent
00109358 t .udivsi3_skip_div0_test
00109358 T __aeabi_uidiv
00109358 000001ec T __udivsi3
00109544 00000020 T __aeabi_uidivmod
00109564 00000004 W __aeabi_idiv0
00109564 00000004 W __aeabi_ldiv0
00109568 T __aeabi_uldivmod
001095a4 0000003c T __gnu_ldivmod_helper
001095e0 0000003c T __gnu_uldivmod_helper
0010961c 00000180 T __divdi3
0010979c 00000124 T __udivdi3
001098c0 0000000c t _GLOBAL__sub_I_Rend
001098cc 00000068 T main
00109934 0000000c t _GLOBAL__sub_I_Cgame
00109940 00000078 T bsearch
001099b8 00000040 T __libc_fini_array
001099f8 00000078 T __libc_init_array
00109a70 00000018 T malloc
00109a88 00000018 T free
00109aa0 00000740 T _malloc_r
0010a1e0 000000f4 T memcpy
0010a2d4 000000f0 T memset
0010a3c4 00000004 T __malloc_lock
0010a3c8 00000004 T __malloc_unlock
0010a3cc 0000001c T srand
0010a3e8 00000044 T rand
0010a42c 00000068 T _sprintf_r
0010a494 00000068 T sprintf
0010a4fc 000000f0 T strcpy
0010a5ec 0000005c T strlen
0010a648 000000a4 T strncat
0010a6ec 000000e0 T strncpy
0010a7cc 00000860 t get_arg
0010b030 00004320 T _svfprintf_r
0010f350 00000040 T time
0010f390 0000008c T _wcrtomb_r
0010f41c 00000094 T wcrtomb
0010f4b0 00000020 T _wcsrtombs_r
0010f4d0 0000003c T wcsrtombs
0010f50c 00000114 T __utf8_wctomb
0010f620 00000048 T _wctomb_r
0010f668 00000028 T __ascii_wctomb
0010f690 00000084 T __sjis_wctomb
0010f714 000000c8 T __eucjp_wctomb
0010f7dc 000000d4 T __jis_wctomb
0010f8b0 000001c0 t quorem
0010fa70 000012dc T _dtoa_r
00110d50 000000f8 T _malloc_trim_r
00110e48 000002b4 T _free_r
001110fc 0000008c t __get_locale_env
00111188 000008a4 t loadlocale
00111a2c 00000088 t currentlocale
00111ab4 00000300 T _setlocale_r
00111db4 0000000c T __locale_charset
00111dc0 00000010 T __locale_mb_cur_max
00111dd0 0000000c T __locale_msgcharset
00111ddc 00000010 T __locale_cjk_lang
00111dec 0000000c T _localeconv_r
00111df8 00000020 T setlocale
00111e18 00000014 T localeconv
00111e2c 000002fc T __utf8_mbtowc
00112128 0000004c T _mbtowc_r
00112174 0000004c T __ascii_mbtowc
001121c0 000000d4 T __sjis_mbtowc
00112294 00000140 T __eucjp_mbtowc
001123d4 000001a8 T __jis_mbtowc
0011257c 00000120 T memchr
0011269c 0000008c T _Balloc
00112728 0000001c T _Bfree
00112744 000000d0 T __multadd
00112814 000000e4 T __s2b
001128f8 0000005c T __hi0bits
00112954 00000098 T __lo0bits
001129ec 00000020 T __i2b
00112a0c 000001dc T __multiply
00112be8 00000100 T __pow5mult
00112ce8 000000f4 T __lshift
00112ddc 00000064 T __mcmp
00112e40 0000013c T __mdiff
00112f7c 00000074 T __ulp
00112ff0 000000e4 T __b2d
001130d4 00000104 T __d2b
001131d8 0000007c T __ratio
00113258 00000044 T _mprec_log10
001132a0 0000006c T __copybits
0011330c 00000080 T __any_on
0011338c 00000074 T __fpclassifyd
00113400 00000094 T frexp
00113498 00000068 T strcasecmp
00113500 00000080 T strcat
00113580 0000016c T strchr
001136ec 00000048 T strlcpy
00113734 0000008c T strncasecmp
001137c0 00000110 T strncmp
001138d0 000001dc T _strtol_r
00113aac 00000028 T strtol
00113ad4 00000860 t get_arg
00114334 000001a8 T __ssprint_r
001144dc 00002fdc T _svfiprintf_r
001174b8 00000184 T _wcsnrtombs_r
0011763c 00000040 T wcsnrtombs
0011767c 00000094 T _calloc_r
00117710 00000018 T __set_ctype
00117728 000000c8 T _findenv_r
001177f0 00000018 T _getenv_r
00117808 0000012c T memmove
00117934 00000564 T _realloc_r
00117e98 00000004 T __env_lock
00117e9c 00000004 T __env_unlock
00117ea0 0000005c T strnlen
00117efc 00000044 T strrchr
00117f40 T _fini
00118000 R Title_bin
0015e500 R Title_bin_end
0015e500 R Title_bin_size
0015e504 00000400 r asciiData
0015e904 00000014 r CSWTCH.18
0015e918 0000000c r __apt_servicenames
0015e924 0000002c r CSWTCH.12
0015e950 00000030 r error_table
0015e980 00000068 R dotab_stdnull
0015e9e8 00000003 R DIRECTORY_PARENT
0015e9ec 00000002 R DIRECTORY_THIS
0015e9f0 00000002 R DIRECTORY_SEPARATOR
0015eb38 00000010 r zeroes.7037
0015eb88 r .LC2
0015eb8c 00000010 r blanks.7036
0015ecd4 0000001c r categories
0015ecf0 00000048 r JIS_state_table
0015ed38 00000048 r JIS_action_table
0015ed80 0000000c r p05.5298
0015ed90 000000c8 R __mprec_tens
0015ee58 00000028 R __mprec_bigtens
0015ee80 00000028 R __mprec_tinytens
0015eea8 0000006c R __state_table
0015ef14 00000010 r blanks.7015
0015ef24 00000100 R __chclass
0015f024 0000006c R __action_table
0015f090 00000010 r zeroes.7016
0015f0a0 00000101 R _ctype_
0015f1ac 00000004 R _global_impure_ptr
0015f1b0 R __exidx_end
0015f1b0 R __exidx_start
00160000 D __dso_handle
00160004 00000001 d topFormat
00160005 00000001 d botFormat
00160008 00000008 d doubleBuf
00160010 W __stacksize__
00160014 00001001 d __cwd
00161018 00000018 d sdmcArchive
00161030 00000068 d sdmc_devoptab
00161098 00000004 d defaultDevice
0016109c 00000040 D devoptab_list
001610dc 00001000 d _current_working_directory
001620dc 00000408 D __malloc_av_
001624e4 00000004 D __malloc_trim_threshold
001624e8 00000004 D __malloc_sbrk_base
001624ec 00000004 D __wctomb
001624f0 00000020 d lc_message_charset
00162510 00000038 d lconv
00162548 000000e0 d current_categories
00162628 00000020 d lc_ctype_charset
00162648 00000020 D __default_locale
00162668 00000004 D __mb_cur_max
0016266c 00000004 D __mbtowc
00162670 00000004 D __ctype_ptr__
00162674 00000004 D environ
00162678 00000428 d impure_data
00162aa0 00000004 D _impure_ptr
00162aa4 d __EH_FRAME_BEGIN__
00162b14 d __FRAME_END__
00162b18 d __JCR_END__
00162b18 d __JCR_LIST__
00162b1c t __frame_dummy_init_array_entry
00162b1c T __init_array_start
00162b1c T __preinit_array_end
00162b1c T __preinit_array_start
00162b1c D __TMC_END__
00162b1c d __TMC_LIST__
00162b28 t __do_global_dtors_aux_fini_array_entry
00162b28 T __fini_array_start
00162b28 T __init_array_end
00162b2c T __bss_start__
00162b2c T __fini_array_end
00162b2c b completed.8113
00162b30 b object.8118
00162b48 0000000c B Rend
00162b54 0000066c B Cgame
001631c0 00000001 b enable3d
001631c4 00000004 B screenFree
001631c8 00000002 b currentBuffer
001631cc 00000004 b __apt_servicestr
001631d0 00000004 B aptStatusEvent
001631d4 00000001 B aptStatus
001631d8 00000004 B aptStatusPower
001631dc 00000004 B aptSleepSync
001631e0 00000001 b aptInitialised
001631e4 00000020 b __ns_capinfo
00163204 00000001 B aptStatusBeforeSleep
00163208 00000004 b __apt_launchapplet_parambuf
0016320c 00000004 b __apt_launchapplet_parambufsize
00163210 00000004 b __apt_new3dsflag_initialized
00163214 00000001 b __apt_new3dsflag
00163216 00000002 b __apt_launchapplet_appID
00163218 00000004 b __apt_launchapplet_inhandle
0016321c 00000004 b gspEvent
00163220 00000004 b gspEventData
00163224 00000004 B gspGpuHandle
00163228 00000001 b hidInitialised
0016322c 00000004 b kOld
00163230 00000004 b kHeld
00163234 00000004 b cPos
00163238 00000004 b tPos
0016323c 00000006 b aVec
00163244 00000006 b gRate
0016324c 00000004 b kDown
00163250 00000004 b kUp
00163254 00000001 b irrstUsed
00163258 00000004 b kHeld
0016325c 00000004 b csPos
00163260 b saved_stack
00163268 00000008 b sLinearPool
00163270 0000000c b sAddrMap
0016327c 00000008 b sVramPool
00163284 0000000c b sAddrMap
00163290 00000004 b g_srv_handle
00163294 00002000 b tmp_buffer.5986
00165294 00001001 b __fixedpath
00166298 00002002 b __utf16path
0016829c 00002002 b __utf16path_old.6057
0016a29e 00000001 b sdmcInitialised
0016a2a0 00000001 b fsInitialised
0016a2a4 00000004 b fsuHandle
0016a2a8 00000004 b heap_start.5558
0016a2ac 00000004 B fake_heap_start
0016a2b0 00000004 B fake_heap_end
0016a2b4 00001000 b temp_cwd
0016b2b4 00000040 B __syscalls
0016b2f4 00000004 B __malloc_max_total_mem
0016b2f8 00000004 B __malloc_max_sbrked_mem
0016b2fc 00000004 B __malloc_top_pad
0016b300 00000028 B __malloc_current_mallinfo
0016b328 00000004 B _PathLocale
0016b32c 00000004 B __nlocale_changed
0016b330 00000004 B __mlocale_changed
0016b334 00000004 b lc_ctype_cjk_lang
0016b338 000000e0 b new_categories
0016b418 000000e7 b current_locale_string
0016b500 000000e0 b saved_categories
0016b5e0 00000004 b initial_env
0016b5e4 00000008 B gfxBottomFramebuffers
0016b5ec 00000004 B gspSharedMemHandle
0016b5f0 0000001c B bottomFramebufferInfo
0016b60c 00000004 B gspEvent
0016b610 00000008 B gfxTopLeftFramebuffers
0016b618 00000008 B gfxTopRightFramebuffers
0016b620 0000001c B topFramebufferInfo
0016b63c 00000001 B gfxThreadID
0016b640 00000004 B gfxSharedMemory
0016b648 00000004 B aptEventHandlerThread
0016b64c 00001000 B aptParameters
0016c650 00001000 B aptEventHandlerStack
0016d650 00000004 B aptuHandle
0016d654 0000000c B aptEvents
0016d660 00000004 B aptStatusMutex
0016d664 00000004 B aptLockHandle
0016d668 00000002 B currentAppId
0016d670 00001000 B gspEventStack
0016e670 00000004 B gspEventThread
0016e674 0000001c B gspEventCounts
0016e690 0000001c B gspEvents
0016e6ac 00000001 B gspRunEvents
0016e6b0 00000004 B gxCmdBuf
0016e6b4 00000004 B hidMemHandle
0016e6b8 00000004 B hidHandle
0016e6bc 00000004 B hidSharedMem
0016e6c0 00000014 B hidEvents
0016e6d4 00000004 B irrstHandle
0016e6d8 00000004 B irrstEvent
0016e6dc 00000004 B irrstMemHandle
0016e6e0 00000004 B irrstSharedMem
0016e6e4 00000004 B __system_argv
0016e6e8 00000004 B __system_argc
0016e6ec 00000004 B __heapBase
0016e6f0 00000004 B __linear_heap
0016e6f4 00000004 B __system_retAddr
0016e6f8 B __bss_end__
0016e6f8 A __end__
